<?xml version="1.0" encoding="UTF-8"?>
<coverage generated="1636993762204" clover="3.2.0">
  <project timestamp="1636993762204" name="All files">
    <metrics statements="40" coveredstatements="40" conditionals="4" coveredconditionals="4" methods="3" coveredmethods="3" elements="47" coveredelements="47" complexity="0" loc="40" ncloc="40" packages="1" files="1" classes="1"/>
    <file name="lc3.js" path="C:\Users\joshu\OneDrive - The City University of New York\Documents\cuny-ttp-algo-summer2021\_Algo\slidingwindow\lc3\lc3.js">
      <metrics statements="40" coveredstatements="40" conditionals="4" coveredconditionals="4" methods="3" coveredmethods="3"/>
      <line num="6" count="2" type="stmt"/>
      <line num="8" count="5" type="cond" truecount="2" falsecount="0"/>
      <line num="10" count="4" type="stmt"/>
      <line num="11" count="4" type="stmt"/>
      <line num="12" count="4" type="stmt"/>
      <line num="13" count="4" type="stmt"/>
      <line num="15" count="4" type="stmt"/>
      <line num="17" count="23" type="stmt"/>
      <line num="21" count="23" type="stmt"/>
      <line num="24" count="21" type="stmt"/>
      <line num="25" count="21" type="stmt"/>
      <line num="29" count="23" type="stmt"/>
      <line num="31" count="23" type="stmt"/>
      <line num="33" count="4" type="stmt"/>
      <line num="36" count="2" type="stmt"/>
      <line num="37" count="5" type="stmt"/>
      <line num="38" count="5" type="stmt"/>
      <line num="39" count="5" type="stmt"/>
      <line num="40" count="5" type="stmt"/>
      <line num="41" count="5" type="stmt"/>
      <line num="42" count="5" type="stmt"/>
      <line num="44" count="5" type="stmt"/>
      <line num="45" count="48" type="stmt"/>
      <line num="46" count="48" type="stmt"/>
      <line num="48" count="48" type="cond" truecount="2" falsecount="0"/>
      <line num="49" count="21" type="stmt"/>
      <line num="51" count="27" type="stmt"/>
      <line num="52" count="27" type="stmt"/>
      <line num="53" count="27" type="stmt"/>
      <line num="60" count="5" type="stmt"/>
      <line num="63" count="2" type="stmt"/>
      <line num="64" count="1" type="stmt"/>
      <line num="65" count="1" type="stmt"/>
      <line num="66" count="1" type="stmt"/>
      <line num="67" count="1" type="stmt"/>
      <line num="71" count="1" type="stmt"/>
      <line num="79" count="1" type="stmt"/>
      <line num="86" count="1" type="stmt"/>
      <line num="87" count="1" type="stmt"/>
      <line num="90" count="1" type="stmt"/>
    </file>
  </project>
</coverage>
