{"C:\\Users\\joshu\\OneDrive - The City University of New York\\Documents\\cuny-ttp-algo-summer2021\\_Algo\\slidingwindow\\lc3\\lc3.js": {"path":"C:\\Users\\joshu\\OneDrive - The City University of New York\\Documents\\cuny-ttp-algo-summer2021\\_Algo\\slidingwindow\\lc3\\lc3.js","statementMap":{"0":{"start":{"line":6,"column":31},"end":{"line":34,"column":3}},"1":{"start":{"line":8,"column":4},"end":{"line":8,"column":54}},"2":{"start":{"line":8,"column":30},"end":{"line":8,"column":54}},"3":{"start":{"line":10,"column":20},"end":{"line":10,"column":41}},"4":{"start":{"line":11,"column":15},"end":{"line":11,"column":16}},"5":{"start":{"line":12,"column":26},"end":{"line":12,"column":27}},"6":{"start":{"line":13,"column":16},"end":{"line":13,"column":17}},"7":{"start":{"line":15,"column":4},"end":{"line":32,"column":5}},"8":{"start":{"line":15,"column":21},"end":{"line":15,"column":22}},"9":{"start":{"line":17,"column":21},"end":{"line":17,"column":52}},"10":{"start":{"line":21,"column":6},"end":{"line":26,"column":7}},"11":{"start":{"line":24,"column":8},"end":{"line":24,"column":42}},"12":{"start":{"line":25,"column":8},"end":{"line":25,"column":15}},"13":{"start":{"line":29,"column":6},"end":{"line":29,"column":38}},"14":{"start":{"line":31,"column":6},"end":{"line":31,"column":66}},"15":{"start":{"line":33,"column":4},"end":{"line":33,"column":27}},"16":{"start":{"line":36,"column":34},"end":{"line":61,"column":3}},"17":{"start":{"line":37,"column":23},"end":{"line":37,"column":39}},"18":{"start":{"line":38,"column":22},"end":{"line":38,"column":31}},"19":{"start":{"line":39,"column":15},"end":{"line":39,"column":16}},"20":{"start":{"line":40,"column":16},"end":{"line":40,"column":17}},"21":{"start":{"line":41,"column":26},"end":{"line":41,"column":27}},"22":{"start":{"line":42,"column":16},"end":{"line":42,"column":17}},"23":{"start":{"line":44,"column":4},"end":{"line":57,"column":5}},"24":{"start":{"line":45,"column":19},"end":{"line":45,"column":35}},"25":{"start":{"line":46,"column":21},"end":{"line":46,"column":40}},"26":{"start":{"line":48,"column":6},"end":{"line":55,"column":7}},"27":{"start":{"line":49,"column":8},"end":{"line":49,"column":44}},"28":{"start":{"line":51,"column":8},"end":{"line":51,"column":28}},"29":{"start":{"line":52,"column":8},"end":{"line":52,"column":68}},"30":{"start":{"line":53,"column":8},"end":{"line":53,"column":16}},"31":{"start":{"line":60,"column":4},"end":{"line":60,"column":27}},"32":{"start":{"line":63,"column":17},"end":{"line":83,"column":3}},"33":{"start":{"line":64,"column":20},"end":{"line":64,"column":30}},"34":{"start":{"line":65,"column":20},"end":{"line":65,"column":27}},"35":{"start":{"line":66,"column":20},"end":{"line":66,"column":28}},"36":{"start":{"line":67,"column":20},"end":{"line":67,"column":22}},"37":{"start":{"line":71,"column":4},"end":{"line":71,"column":47}},"38":{"start":{"line":79,"column":4},"end":{"line":79,"column":50}},"39":{"start":{"line":86,"column":18},"end":{"line":86,"column":40}},"40":{"start":{"line":87,"column":0},"end":{"line":87,"column":25}},"41":{"start":{"line":90,"column":0},"end":{"line":90,"column":40}}},"fnMap":{"0":{"name":"(anonymous_0)","decl":{"start":{"line":6,"column":31},"end":{"line":6,"column":32}},"loc":{"start":{"line":6,"column":46},"end":{"line":34,"column":3}},"line":6},"1":{"name":"(anonymous_1)","decl":{"start":{"line":36,"column":34},"end":{"line":36,"column":35}},"loc":{"start":{"line":36,"column":49},"end":{"line":61,"column":3}},"line":36},"2":{"name":"(anonymous_2)","decl":{"start":{"line":63,"column":17},"end":{"line":63,"column":18}},"loc":{"start":{"line":63,"column":23},"end":{"line":83,"column":3}},"line":63}},"branchMap":{"0":{"loc":{"start":{"line":8,"column":4},"end":{"line":8,"column":54}},"type":"if","locations":[{"start":{"line":8,"column":4},"end":{"line":8,"column":54}},{"start":{},"end":{}}],"line":8},"1":{"loc":{"start":{"line":48,"column":6},"end":{"line":55,"column":7}},"type":"if","locations":[{"start":{"line":48,"column":6},"end":{"line":55,"column":7}},{"start":{"line":50,"column":13},"end":{"line":55,"column":7}}],"line":48}},"s":{"0":2,"1":5,"2":1,"3":4,"4":4,"5":4,"6":4,"7":4,"8":4,"9":23,"10":23,"11":21,"12":21,"13":23,"14":23,"15":4,"16":2,"17":5,"18":5,"19":5,"20":5,"21":5,"22":5,"23":5,"24":48,"25":48,"26":48,"27":21,"28":27,"29":27,"30":27,"31":5,"32":2,"33":1,"34":1,"35":1,"36":1,"37":1,"38":1,"39":1,"40":1,"41":1},"f":{"0":5,"1":5,"2":1},"b":{"0":[1,4],"1":[21,27]},"_coverageSchema":"1a1c01bbd47fc00a2c39e90264f33305004495a9","hash":"bc743927380d2a6554fe71b6c5280d6b1ec1c39f"}
}
