TN:
SF:_Algo\slidingwindow\lc3\lc3.js
FN:6,(anonymous_0)
FN:36,(anonymous_1)
FN:63,(anonymous_2)
FNF:3
FNH:3
FNDA:5,(anonymous_0)
FNDA:5,(anonymous_1)
FNDA:1,(anonymous_2)
DA:6,2
DA:8,5
DA:10,4
DA:11,4
DA:12,4
DA:13,4
DA:15,4
DA:17,23
DA:21,23
DA:24,21
DA:25,21
DA:29,23
DA:31,23
DA:33,4
DA:36,2
DA:37,5
DA:38,5
DA:39,5
DA:40,5
DA:41,5
DA:42,5
DA:44,5
DA:45,48
DA:46,48
DA:48,48
DA:49,21
DA:51,27
DA:52,27
DA:53,27
DA:60,5
DA:63,2
DA:64,1
DA:65,1
DA:66,1
DA:67,1
DA:71,1
DA:79,1
DA:86,1
DA:87,1
DA:90,1
LF:40
LH:40
BRDA:8,0,0,1
BRDA:8,0,1,4
BRDA:48,1,0,21
BRDA:48,1,1,27
BRF:4
BRH:4
end_of_record
